<?xml version="1.0" encoding="UTF-8"?>
<testsuite xmlns:xsi="http://www.w3.org/2001/XMLSchema-instance" xsi:noNamespaceSchemaLocation="https://maven.apache.org/surefire/maven-surefire-plugin/xsd/surefire-test-report.xsd" name="com.javahungry.SpringBootHelloWorldApplicationTests" time="2.48" tests="1" errors="0" skipped="0" failures="0">
  <properties>
    <property name="gopherProxySet" value="false"/>
    <property name="awt.toolkit" value="sun.lwawt.macosx.LWCToolkit"/>
    <property name="file.encoding.pkg" value="sun.io"/>
    <property name="java.specification.version" value="1.8"/>
    <property name="sun.cpu.isalist" value=""/>
    <property name="sun.jnu.encoding" value="UTF-8"/>
    <property name="java.class.path" value="/Users/c5331724/SAP-Data/Fioneer/SpringBootHelloWorld/target/test-classes:/Users/c5331724/SAP-Data/Fioneer/SpringBootHelloWorld/target/classes:/Users/c5331724/MAVEN_REPO/BOOK/org/springframework/boot/spring-boot-starter-web/2.1.8.RELEASE/spring-boot-starter-web-2.1.8.RELEASE.jar:/Users/c5331724/MAVEN_REPO/BOOK/org/springframework/boot/spring-boot-starter/2.1.8.RELEASE/spring-boot-starter-2.1.8.RELEASE.jar:/Users/c5331724/MAVEN_REPO/BOOK/org/springframework/boot/spring-boot/2.1.8.RELEASE/spring-boot-2.1.8.RELEASE.jar:/Users/c5331724/MAVEN_REPO/BOOK/org/springframework/boot/spring-boot-autoconfigure/2.1.8.RELEASE/spring-boot-autoconfigure-2.1.8.RELEASE.jar:/Users/c5331724/MAVEN_REPO/BOOK/org/springframework/boot/spring-boot-starter-logging/2.1.8.RELEASE/spring-boot-starter-logging-2.1.8.RELEASE.jar:/Users/c5331724/MAVEN_REPO/BOOK/ch/qos/logback/logback-classic/1.2.3/logback-classic-1.2.3.jar:/Users/c5331724/MAVEN_REPO/BOOK/ch/qos/logback/logback-core/1.2.3/logback-core-1.2.3.jar:/Users/c5331724/MAVEN_REPO/BOOK/org/apache/logging/log4j/log4j-to-slf4j/2.11.2/log4j-to-slf4j-2.11.2.jar:/Users/c5331724/MAVEN_REPO/BOOK/org/apache/logging/log4j/log4j-api/2.11.2/log4j-api-2.11.2.jar:/Users/c5331724/MAVEN_REPO/BOOK/org/slf4j/jul-to-slf4j/1.7.28/jul-to-slf4j-1.7.28.jar:/Users/c5331724/MAVEN_REPO/BOOK/javax/annotation/javax.annotation-api/1.3.2/javax.annotation-api-1.3.2.jar:/Users/c5331724/MAVEN_REPO/BOOK/org/yaml/snakeyaml/1.23/snakeyaml-1.23.jar:/Users/c5331724/MAVEN_REPO/BOOK/org/springframework/boot/spring-boot-starter-json/2.1.8.RELEASE/spring-boot-starter-json-2.1.8.RELEASE.jar:/Users/c5331724/MAVEN_REPO/BOOK/com/fasterxml/jackson/core/jackson-databind/2.9.9.3/jackson-databind-2.9.9.3.jar:/Users/c5331724/MAVEN_REPO/BOOK/com/fasterxml/jackson/core/jackson-annotations/2.9.0/jackson-annotations-2.9.0.jar:/Users/c5331724/MAVEN_REPO/BOOK/com/fasterxml/jackson/core/jackson-core/2.9.9/jackson-core-2.9.9.jar:/Users/c5331724/MAVEN_REPO/BOOK/com/fasterxml/jackson/datatype/jackson-datatype-jdk8/2.9.9/jackson-datatype-jdk8-2.9.9.jar:/Users/c5331724/MAVEN_REPO/BOOK/com/fasterxml/jackson/datatype/jackson-datatype-jsr310/2.9.9/jackson-datatype-jsr310-2.9.9.jar:/Users/c5331724/MAVEN_REPO/BOOK/com/fasterxml/jackson/module/jackson-module-parameter-names/2.9.9/jackson-module-parameter-names-2.9.9.jar:/Users/c5331724/MAVEN_REPO/BOOK/org/springframework/boot/spring-boot-starter-tomcat/2.1.8.RELEASE/spring-boot-starter-tomcat-2.1.8.RELEASE.jar:/Users/c5331724/MAVEN_REPO/BOOK/org/apache/tomcat/embed/tomcat-embed-core/9.0.24/tomcat-embed-core-9.0.24.jar:/Users/c5331724/MAVEN_REPO/BOOK/org/apache/tomcat/embed/tomcat-embed-el/9.0.24/tomcat-embed-el-9.0.24.jar:/Users/c5331724/MAVEN_REPO/BOOK/org/apache/tomcat/embed/tomcat-embed-websocket/9.0.24/tomcat-embed-websocket-9.0.24.jar:/Users/c5331724/MAVEN_REPO/BOOK/org/hibernate/validator/hibernate-validator/6.0.17.Final/hibernate-validator-6.0.17.Final.jar:/Users/c5331724/MAVEN_REPO/BOOK/javax/validation/validation-api/2.0.1.Final/validation-api-2.0.1.Final.jar:/Users/c5331724/MAVEN_REPO/BOOK/org/jboss/logging/jboss-logging/3.3.3.Final/jboss-logging-3.3.3.Final.jar:/Users/c5331724/MAVEN_REPO/BOOK/com/fasterxml/classmate/1.4.0/classmate-1.4.0.jar:/Users/c5331724/MAVEN_REPO/BOOK/org/springframework/spring-web/5.1.9.RELEASE/spring-web-5.1.9.RELEASE.jar:/Users/c5331724/MAVEN_REPO/BOOK/org/springframework/spring-beans/5.1.9.RELEASE/spring-beans-5.1.9.RELEASE.jar:/Users/c5331724/MAVEN_REPO/BOOK/org/springframework/spring-webmvc/5.1.9.RELEASE/spring-webmvc-5.1.9.RELEASE.jar:/Users/c5331724/MAVEN_REPO/BOOK/org/springframework/spring-aop/5.1.9.RELEASE/spring-aop-5.1.9.RELEASE.jar:/Users/c5331724/MAVEN_REPO/BOOK/org/springframework/spring-context/5.1.9.RELEASE/spring-context-5.1.9.RELEASE.jar:/Users/c5331724/MAVEN_REPO/BOOK/org/springframework/spring-expression/5.1.9.RELEASE/spring-expression-5.1.9.RELEASE.jar:/Users/c5331724/MAVEN_REPO/BOOK/org/springframework/boot/spring-boot-starter-test/2.1.8.RELEASE/spring-boot-starter-test-2.1.8.RELEASE.jar:/Users/c5331724/MAVEN_REPO/BOOK/org/springframework/boot/spring-boot-test/2.1.8.RELEASE/spring-boot-test-2.1.8.RELEASE.jar:/Users/c5331724/MAVEN_REPO/BOOK/org/springframework/boot/spring-boot-test-autoconfigure/2.1.8.RELEASE/spring-boot-test-autoconfigure-2.1.8.RELEASE.jar:/Users/c5331724/MAVEN_REPO/BOOK/com/jayway/jsonpath/json-path/2.4.0/json-path-2.4.0.jar:/Users/c5331724/MAVEN_REPO/BOOK/net/minidev/json-smart/2.3/json-smart-2.3.jar:/Users/c5331724/MAVEN_REPO/BOOK/net/minidev/accessors-smart/1.2/accessors-smart-1.2.jar:/Users/c5331724/MAVEN_REPO/BOOK/org/ow2/asm/asm/5.0.4/asm-5.0.4.jar:/Users/c5331724/MAVEN_REPO/BOOK/org/slf4j/slf4j-api/1.7.28/slf4j-api-1.7.28.jar:/Users/c5331724/MAVEN_REPO/BOOK/junit/junit/4.12/junit-4.12.jar:/Users/c5331724/MAVEN_REPO/BOOK/org/assertj/assertj-core/3.11.1/assertj-core-3.11.1.jar:/Users/c5331724/MAVEN_REPO/BOOK/org/mockito/mockito-core/2.23.4/mockito-core-2.23.4.jar:/Users/c5331724/MAVEN_REPO/BOOK/net/bytebuddy/byte-buddy/1.9.16/byte-buddy-1.9.16.jar:/Users/c5331724/MAVEN_REPO/BOOK/net/bytebuddy/byte-buddy-agent/1.9.16/byte-buddy-agent-1.9.16.jar:/Users/c5331724/MAVEN_REPO/BOOK/org/objenesis/objenesis/2.6/objenesis-2.6.jar:/Users/c5331724/MAVEN_REPO/BOOK/org/hamcrest/hamcrest-core/1.3/hamcrest-core-1.3.jar:/Users/c5331724/MAVEN_REPO/BOOK/org/hamcrest/hamcrest-library/1.3/hamcrest-library-1.3.jar:/Users/c5331724/MAVEN_REPO/BOOK/org/skyscreamer/jsonassert/1.5.0/jsonassert-1.5.0.jar:/Users/c5331724/MAVEN_REPO/BOOK/com/vaadin/external/google/android-json/0.0.20131108.vaadin1/android-json-0.0.20131108.vaadin1.jar:/Users/c5331724/MAVEN_REPO/BOOK/org/springframework/spring-core/5.1.9.RELEASE/spring-core-5.1.9.RELEASE.jar:/Users/c5331724/MAVEN_REPO/BOOK/org/springframework/spring-jcl/5.1.9.RELEASE/spring-jcl-5.1.9.RELEASE.jar:/Users/c5331724/MAVEN_REPO/BOOK/org/springframework/spring-test/5.1.9.RELEASE/spring-test-5.1.9.RELEASE.jar:/Users/c5331724/MAVEN_REPO/BOOK/org/xmlunit/xmlunit-core/2.6.3/xmlunit-core-2.6.3.jar:"/>
    <property name="java.vm.vendor" value="SAP AG"/>
    <property name="sun.arch.data.model" value="64"/>
    <property name="java.vendor.url" value="http://www.sap.com/"/>
    <property name="user.timezone" value=""/>
    <property name="user.country.format" value="IN"/>
    <property name="com.sap.vm.type" value="opt"/>
    <property name="java.vm.specification.version" value="1.8"/>
    <property name="os.name" value="Mac OS X"/>
    <property name="user.country" value="US"/>
    <property name="sun.java.launcher" value="SAP_STANDARD"/>
    <property name="sun.boot.library.path" value="/Users/c5331724/SAP-Data/Softwares/sapjvm_8/jre/lib"/>
    <property name="com.sap.vm.version" value="10"/>
    <property name="jdk.debug" value="release"/>
    <property name="surefire.test.class.path" value="/Users/c5331724/SAP-Data/Fioneer/SpringBootHelloWorld/target/test-classes:/Users/c5331724/SAP-Data/Fioneer/SpringBootHelloWorld/target/classes:/Users/c5331724/MAVEN_REPO/BOOK/org/springframework/boot/spring-boot-starter-web/2.1.8.RELEASE/spring-boot-starter-web-2.1.8.RELEASE.jar:/Users/c5331724/MAVEN_REPO/BOOK/org/springframework/boot/spring-boot-starter/2.1.8.RELEASE/spring-boot-starter-2.1.8.RELEASE.jar:/Users/c5331724/MAVEN_REPO/BOOK/org/springframework/boot/spring-boot/2.1.8.RELEASE/spring-boot-2.1.8.RELEASE.jar:/Users/c5331724/MAVEN_REPO/BOOK/org/springframework/boot/spring-boot-autoconfigure/2.1.8.RELEASE/spring-boot-autoconfigure-2.1.8.RELEASE.jar:/Users/c5331724/MAVEN_REPO/BOOK/org/springframework/boot/spring-boot-starter-logging/2.1.8.RELEASE/spring-boot-starter-logging-2.1.8.RELEASE.jar:/Users/c5331724/MAVEN_REPO/BOOK/ch/qos/logback/logback-classic/1.2.3/logback-classic-1.2.3.jar:/Users/c5331724/MAVEN_REPO/BOOK/ch/qos/logback/logback-core/1.2.3/logback-core-1.2.3.jar:/Users/c5331724/MAVEN_REPO/BOOK/org/apache/logging/log4j/log4j-to-slf4j/2.11.2/log4j-to-slf4j-2.11.2.jar:/Users/c5331724/MAVEN_REPO/BOOK/org/apache/logging/log4j/log4j-api/2.11.2/log4j-api-2.11.2.jar:/Users/c5331724/MAVEN_REPO/BOOK/org/slf4j/jul-to-slf4j/1.7.28/jul-to-slf4j-1.7.28.jar:/Users/c5331724/MAVEN_REPO/BOOK/javax/annotation/javax.annotation-api/1.3.2/javax.annotation-api-1.3.2.jar:/Users/c5331724/MAVEN_REPO/BOOK/org/yaml/snakeyaml/1.23/snakeyaml-1.23.jar:/Users/c5331724/MAVEN_REPO/BOOK/org/springframework/boot/spring-boot-starter-json/2.1.8.RELEASE/spring-boot-starter-json-2.1.8.RELEASE.jar:/Users/c5331724/MAVEN_REPO/BOOK/com/fasterxml/jackson/core/jackson-databind/2.9.9.3/jackson-databind-2.9.9.3.jar:/Users/c5331724/MAVEN_REPO/BOOK/com/fasterxml/jackson/core/jackson-annotations/2.9.0/jackson-annotations-2.9.0.jar:/Users/c5331724/MAVEN_REPO/BOOK/com/fasterxml/jackson/core/jackson-core/2.9.9/jackson-core-2.9.9.jar:/Users/c5331724/MAVEN_REPO/BOOK/com/fasterxml/jackson/datatype/jackson-datatype-jdk8/2.9.9/jackson-datatype-jdk8-2.9.9.jar:/Users/c5331724/MAVEN_REPO/BOOK/com/fasterxml/jackson/datatype/jackson-datatype-jsr310/2.9.9/jackson-datatype-jsr310-2.9.9.jar:/Users/c5331724/MAVEN_REPO/BOOK/com/fasterxml/jackson/module/jackson-module-parameter-names/2.9.9/jackson-module-parameter-names-2.9.9.jar:/Users/c5331724/MAVEN_REPO/BOOK/org/springframework/boot/spring-boot-starter-tomcat/2.1.8.RELEASE/spring-boot-starter-tomcat-2.1.8.RELEASE.jar:/Users/c5331724/MAVEN_REPO/BOOK/org/apache/tomcat/embed/tomcat-embed-core/9.0.24/tomcat-embed-core-9.0.24.jar:/Users/c5331724/MAVEN_REPO/BOOK/org/apache/tomcat/embed/tomcat-embed-el/9.0.24/tomcat-embed-el-9.0.24.jar:/Users/c5331724/MAVEN_REPO/BOOK/org/apache/tomcat/embed/tomcat-embed-websocket/9.0.24/tomcat-embed-websocket-9.0.24.jar:/Users/c5331724/MAVEN_REPO/BOOK/org/hibernate/validator/hibernate-validator/6.0.17.Final/hibernate-validator-6.0.17.Final.jar:/Users/c5331724/MAVEN_REPO/BOOK/javax/validation/validation-api/2.0.1.Final/validation-api-2.0.1.Final.jar:/Users/c5331724/MAVEN_REPO/BOOK/org/jboss/logging/jboss-logging/3.3.3.Final/jboss-logging-3.3.3.Final.jar:/Users/c5331724/MAVEN_REPO/BOOK/com/fasterxml/classmate/1.4.0/classmate-1.4.0.jar:/Users/c5331724/MAVEN_REPO/BOOK/org/springframework/spring-web/5.1.9.RELEASE/spring-web-5.1.9.RELEASE.jar:/Users/c5331724/MAVEN_REPO/BOOK/org/springframework/spring-beans/5.1.9.RELEASE/spring-beans-5.1.9.RELEASE.jar:/Users/c5331724/MAVEN_REPO/BOOK/org/springframework/spring-webmvc/5.1.9.RELEASE/spring-webmvc-5.1.9.RELEASE.jar:/Users/c5331724/MAVEN_REPO/BOOK/org/springframework/spring-aop/5.1.9.RELEASE/spring-aop-5.1.9.RELEASE.jar:/Users/c5331724/MAVEN_REPO/BOOK/org/springframework/spring-context/5.1.9.RELEASE/spring-context-5.1.9.RELEASE.jar:/Users/c5331724/MAVEN_REPO/BOOK/org/springframework/spring-expression/5.1.9.RELEASE/spring-expression-5.1.9.RELEASE.jar:/Users/c5331724/MAVEN_REPO/BOOK/org/springframework/boot/spring-boot-starter-test/2.1.8.RELEASE/spring-boot-starter-test-2.1.8.RELEASE.jar:/Users/c5331724/MAVEN_REPO/BOOK/org/springframework/boot/spring-boot-test/2.1.8.RELEASE/spring-boot-test-2.1.8.RELEASE.jar:/Users/c5331724/MAVEN_REPO/BOOK/org/springframework/boot/spring-boot-test-autoconfigure/2.1.8.RELEASE/spring-boot-test-autoconfigure-2.1.8.RELEASE.jar:/Users/c5331724/MAVEN_REPO/BOOK/com/jayway/jsonpath/json-path/2.4.0/json-path-2.4.0.jar:/Users/c5331724/MAVEN_REPO/BOOK/net/minidev/json-smart/2.3/json-smart-2.3.jar:/Users/c5331724/MAVEN_REPO/BOOK/net/minidev/accessors-smart/1.2/accessors-smart-1.2.jar:/Users/c5331724/MAVEN_REPO/BOOK/org/ow2/asm/asm/5.0.4/asm-5.0.4.jar:/Users/c5331724/MAVEN_REPO/BOOK/org/slf4j/slf4j-api/1.7.28/slf4j-api-1.7.28.jar:/Users/c5331724/MAVEN_REPO/BOOK/junit/junit/4.12/junit-4.12.jar:/Users/c5331724/MAVEN_REPO/BOOK/org/assertj/assertj-core/3.11.1/assertj-core-3.11.1.jar:/Users/c5331724/MAVEN_REPO/BOOK/org/mockito/mockito-core/2.23.4/mockito-core-2.23.4.jar:/Users/c5331724/MAVEN_REPO/BOOK/net/bytebuddy/byte-buddy/1.9.16/byte-buddy-1.9.16.jar:/Users/c5331724/MAVEN_REPO/BOOK/net/bytebuddy/byte-buddy-agent/1.9.16/byte-buddy-agent-1.9.16.jar:/Users/c5331724/MAVEN_REPO/BOOK/org/objenesis/objenesis/2.6/objenesis-2.6.jar:/Users/c5331724/MAVEN_REPO/BOOK/org/hamcrest/hamcrest-core/1.3/hamcrest-core-1.3.jar:/Users/c5331724/MAVEN_REPO/BOOK/org/hamcrest/hamcrest-library/1.3/hamcrest-library-1.3.jar:/Users/c5331724/MAVEN_REPO/BOOK/org/skyscreamer/jsonassert/1.5.0/jsonassert-1.5.0.jar:/Users/c5331724/MAVEN_REPO/BOOK/com/vaadin/external/google/android-json/0.0.20131108.vaadin1/android-json-0.0.20131108.vaadin1.jar:/Users/c5331724/MAVEN_REPO/BOOK/org/springframework/spring-core/5.1.9.RELEASE/spring-core-5.1.9.RELEASE.jar:/Users/c5331724/MAVEN_REPO/BOOK/org/springframework/spring-jcl/5.1.9.RELEASE/spring-jcl-5.1.9.RELEASE.jar:/Users/c5331724/MAVEN_REPO/BOOK/org/springframework/spring-test/5.1.9.RELEASE/spring-test-5.1.9.RELEASE.jar:/Users/c5331724/MAVEN_REPO/BOOK/org/xmlunit/xmlunit-core/2.6.3/xmlunit-core-2.6.3.jar:"/>
    <property name="sun.cpu.endian" value="little"/>
    <property name="user.home" value="/Users/c5331724"/>
    <property name="user.language" value="en"/>
    <property name="java.specification.vendor" value="Oracle Corporation"/>
    <property name="java.home" value="/Users/c5331724/SAP-Data/Softwares/sapjvm_8/jre"/>
    <property name="com.sap.vm.profilingserver" value="true"/>
    <property name="basedir" value="/Users/c5331724/SAP-Data/Fioneer/SpringBootHelloWorld"/>
    <property name="file.separator" value="/"/>
    <property name="java.vm.compressedOopsMode" value="Zero based"/>
    <property name="line.separator" value="&#10;"/>
    <property name="java.vm.specification.vendor" value="Oracle Corporation"/>
    <property name="java.specification.name" value="Java Platform API Specification"/>
    <property name="java.awt.graphicsenv" value="sun.awt.CGraphicsEnvironment"/>
    <property name="surefire.real.class.path" value="/Users/c5331724/SAP-Data/Fioneer/SpringBootHelloWorld/target/surefire/surefirebooter1982966674586823488.jar"/>
    <property name="jdk.boot.class.path.append" value=""/>
    <property name="sun.boot.class.path" value="/Users/c5331724/SAP-Data/Softwares/sapjvm_8/jre/lib/resources.jar:/Users/c5331724/SAP-Data/Softwares/sapjvm_8/jre/lib/rt.jar:/Users/c5331724/SAP-Data/Softwares/sapjvm_8/jre/lib/sunrsasign.jar:/Users/c5331724/SAP-Data/Softwares/sapjvm_8/jre/lib/jsse.jar:/Users/c5331724/SAP-Data/Softwares/sapjvm_8/jre/lib/jce.jar:/Users/c5331724/SAP-Data/Softwares/sapjvm_8/jre/lib/charsets.jar:/Users/c5331724/SAP-Data/Softwares/sapjvm_8/jre/lib/jfr.jar:/Users/c5331724/SAP-Data/Softwares/sapjvm_8/jre/classes"/>
    <property name="sun.management.compiler" value="HotSpot 64-Bit Tiered Compilers"/>
    <property name="java.runtime.version" value="8.1.046"/>
    <property name="user.name" value="c5331724"/>
    <property name="com.sap.jvm.launcher.jar.mainclass" value="org.apache.maven.surefire.booter.ForkedBooter"/>
    <property name="path.separator" value=":"/>
    <property name="os.version" value="10.16"/>
    <property name="java.endorsed.dirs" value="/Users/c5331724/SAP-Data/Softwares/sapjvm_8/jre/lib/endorsed"/>
    <property name="java.runtime.name" value="Java(TM) SE Runtime Environment"/>
    <property name="file.encoding" value="UTF-8"/>
    <property name="java.vm.name" value="SAP Java Server VM"/>
    <property name="localRepository" value="/Users/c5331724/MAVEN_REPO/BOOK"/>
    <property name="java.vendor.url.bug" value="https://support.sap.com"/>
    <property name="java.io.tmpdir" value="/var/folders/m5/qv10bmkd7gs9v6y478vv38j40000gq/T/"/>
    <property name="java.version" value="1.8.0_192"/>
    <property name="user.dir" value="/Users/c5331724/SAP-Data/Fioneer/SpringBootHelloWorld"/>
    <property name="os.arch" value="x86_64"/>
    <property name="java.vm.specification.name" value="Java Virtual Machine Specification"/>
    <property name="java.awt.printerjob" value="sun.lwawt.macosx.CPrinterJob"/>
    <property name="sun.os.patch.level" value="unknown"/>
    <property name="com.sap.vm.codeline" value="81_REL"/>
    <property name="java.library.path" value="/Users/c5331724/Library/Java/Extensions:/Library/Java/Extensions:/Network/Library/Java/Extensions:/System/Library/Java/Extensions:/usr/lib/java:."/>
    <property name="java.vm.info" value="Oct 17 2018 16:26:38 - 81_REL - optU - bsd amd64 - 6 - bas2:310257 (mixed mode)"/>
    <property name="java.vendor" value="SAP AG"/>
    <property name="java.vm.version" value="8.1.046 9.0.4+011"/>
    <property name="java.ext.dirs" value="/Users/c5331724/Library/Java/Extensions:/Users/c5331724/SAP-Data/Softwares/sapjvm_8/jre/lib/ext-sap:/Users/c5331724/SAP-Data/Softwares/sapjvm_8/jre/lib/ext:/Library/Java/Extensions:/Network/Library/Java/Extensions:/System/Library/Java/Extensions:/usr/lib/java"/>
    <property name="sun.io.unicode.encoding" value="UnicodeBig"/>
    <property name="java.class.version" value="52.0"/>
    <property name="com.sap.vm.compressedoops" value="true"/>
  </properties>
  <testcase name="contextLoads" classname="com.javahungry.SpringBootHelloWorldApplicationTests" time="0.155"/>
</testsuite>